# JRE version: Java(TM) SE Runtime Environment (8.0_151-b12) (build 1.8.0_151-b12)
# Java VM: Java HotSpot(TM) 64-Bit Server VM (25.151-b12 mixed mode bsd-amd64 compressed oops)
Heap:
 PSYoungGen      total 40448K, used 34157K [0x00000007aab00000, 0x00000007adb80000, 0x00000007c0000000)
  eden space 31232K, 98% used [0x00000007aab00000,0x00000007ac8ea1d0,0x00000007ac980000)
  from space 9216K, 38% used [0x00000007ad200000,0x00000007ad571418,0x00000007adb00000)
  to   space 8704K, 0% used [0x00000007ac980000,0x00000007ac980000,0x00000007ad200000)
 ParOldGen       total 60928K, used 16814K [0x0000000780000000, 0x0000000783b80000, 0x00000007aab00000)
  object space 60928K, 27% used [0x0000000780000000,0x000000078106b9d8,0x0000000783b80000)
 Metaspace       used 33509K, capacity 36216K, committed 36520K, reserved 1081344K
  class space    used 4757K, capacity 5257K, committed 5296K, reserved 1048576K
GC Heap History (10 events):
Event: 47.443 GC heap before
{Heap before GC invocations=8 (full 1):
 PSYoungGen      total 26624K, used 25352K [0x00000007aab00000, 0x00000007acb80000, 0x00000007c0000000)
  eden space 20992K, 100% used [0x00000007aab00000,0x00000007abf80000,0x00000007abf80000)
  from space 5632K, 77% used [0x00000007ac600000,0x00000007aca42160,0x00000007acb80000)
  to   space 6144K, 0% used [0x00000007abf80000,0x00000007abf80000,0x00000007ac580000)
 ParOldGen       total 37376K, used 9195K [0x0000000780000000, 0x0000000782480000, 0x00000007aab00000)
  object space 37376K, 24% used [0x0000000780000000,0x00000007808faf58,0x0000000782480000)
 Metaspace       used 31991K, capacity 34496K, committed 34736K, reserved 1079296K
  class space    used 4709K, capacity 5173K, committed 5296K, reserved 1048576K
Event: 47.463 GC heap after
Heap after GC invocations=8 (full 1):
 PSYoungGen      total 27136K, used 6125K [0x00000007aab00000, 0x00000007ad280000, 0x00000007c0000000)
  eden space 20992K, 0% used [0x00000007aab00000,0x00000007aab00000,0x00000007abf80000)
  from space 6144K, 99% used [0x00000007abf80000,0x00000007ac57b7e0,0x00000007ac580000)
  to   space 7168K, 0% used [0x00000007acb80000,0x00000007acb80000,0x00000007ad280000)
 ParOldGen       total 37376K, used 9827K [0x0000000780000000, 0x0000000782480000, 0x00000007aab00000)
  object space 37376K, 26% used [0x0000000780000000,0x0000000780998d28,0x0000000782480000)
 Metaspace       used 31991K, capacity 34496K, committed 34736K, reserved 1079296K
  class space    used 4709K, capacity 5173K, committed 5296K, reserved 1048576K
}
Event: 51.806 GC heap before
{Heap before GC invocations=9 (full 1):
 PSYoungGen      total 27136K, used 27117K [0x00000007aab00000, 0x00000007ad280000, 0x00000007c0000000)
  eden space 20992K, 100% used [0x00000007aab00000,0x00000007abf80000,0x00000007abf80000)
  from space 6144K, 99% used [0x00000007abf80000,0x00000007ac57b7e0,0x00000007ac580000)
  to   space 7168K, 0% used [0x00000007acb80000,0x00000007acb80000,0x00000007ad280000)
 ParOldGen       total 37376K, used 9827K [0x0000000780000000, 0x0000000782480000, 0x00000007aab00000)
  object space 37376K, 26% used [0x0000000780000000,0x0000000780998d28,0x0000000782480000)
 Metaspace       used 32735K, capacity 35368K, committed 35496K, reserved 1079296K
  class space    used 4730K, capacity 5245K, committed 5296K, reserved 1048576K
Event: 51.833 GC heap after
Heap after GC invocations=9 (full 1):
 PSYoungGen      total 32256K, used 6973K [0x00000007aab00000, 0x00000007ad480000, 0x00000007c0000000)
  eden space 25088K, 0% used [0x00000007aab00000,0x00000007aab00000,0x00000007ac380000)
  from space 7168K, 97% used [0x00000007acb80000,0x00000007ad24f4f0,0x00000007ad280000)
  to   space 8192K, 0% used [0x00000007ac380000,0x00000007ac380000,0x00000007acb80000)
 ParOldGen       total 37376K, used 10955K [0x0000000780000000, 0x0000000782480000, 0x00000007aab00000)
  object space 37376K, 29% used [0x0000000780000000,0x0000000780ab2d38,0x0000000782480000)
 Metaspace       used 32735K, capacity 35368K, committed 35496K, reserved 1079296K
  class space    used 4730K, capacity 5245K, committed 5296K, reserved 1048576K
}
Event: 52.419 GC heap before
{Heap before GC invocations=10 (full 1):
 PSYoungGen      total 32256K, used 13838K [0x00000007aab00000, 0x00000007ad480000, 0x00000007c0000000)
  eden space 25088K, 27% used [0x00000007aab00000,0x00000007ab1b44b0,0x00000007ac380000)
  from space 7168K, 97% used [0x00000007acb80000,0x00000007ad24f4f0,0x00000007ad280000)
  to   space 8192K, 0% used [0x00000007ac380000,0x00000007ac380000,0x00000007acb80000)
 ParOldGen       total 37376K, used 10955K [0x0000000780000000, 0x0000000782480000, 0x00000007aab00000)
  object space 37376K, 29% used [0x0000000780000000,0x0000000780ab2d38,0x0000000782480000)
 Metaspace       used 32845K, capacity 35432K, committed 35496K, reserved 1079296K
  class space    used 4730K, capacity 5245K, committed 5296K, reserved 1048576K
Event: 52.434 GC heap after
Heap after GC invocations=10 (full 1):
 PSYoungGen      total 33280K, used 7672K [0x00000007aab00000, 0x00000007adb00000, 0x00000007c0000000)
  eden space 25088K, 0% used [0x00000007aab00000,0x00000007aab00000,0x00000007ac380000)
  from space 8192K, 93% used [0x00000007ac380000,0x00000007acafe308,0x00000007acb80000)
  to   space 9216K, 0% used [0x00000007ad200000,0x00000007ad200000,0x00000007adb00000)
 ParOldGen       total 37376K, used 10963K [0x0000000780000000, 0x0000000782480000, 0x00000007aab00000)
  object space 37376K, 29% used [0x0000000780000000,0x0000000780ab4d38,0x0000000782480000)
 Metaspace       used 32845K, capacity 35432K, committed 35496K, reserved 1079296K
  class space    used 4730K, capacity 5245K, committed 5296K, reserved 1048576K
}
Event: 52.435 GC heap before
{Heap before GC invocations=11 (full 2):
 PSYoungGen      total 33280K, used 7672K [0x00000007aab00000, 0x00000007adb00000, 0x00000007c0000000)
  eden space 25088K, 0% used [0x00000007aab00000,0x00000007aab00000,0x00000007ac380000)
  from space 8192K, 93% used [0x00000007ac380000,0x00000007acafe308,0x00000007acb80000)
  to   space 9216K, 0% used [0x00000007ad200000,0x00000007ad200000,0x00000007adb00000)
 ParOldGen       total 37376K, used 10963K [0x0000000780000000, 0x0000000782480000, 0x00000007aab00000)
  object space 37376K, 29% used [0x0000000780000000,0x0000000780ab4d38,0x0000000782480000)
 Metaspace       used 32845K, capacity 35432K, committed 35496K, reserved 1079296K
  class space    used 4730K, capacity 5245K, committed 5296K, reserved 1048576K
Event: 52.559 GC heap after
Heap after GC invocations=11 (full 2):
 PSYoungGen      total 33280K, used 0K [0x00000007aab00000, 0x00000007adb00000, 0x00000007c0000000)
  eden space 25088K, 0% used [0x00000007aab00000,0x00000007aab00000,0x00000007ac380000)
  from space 8192K, 0% used [0x00000007ac380000,0x00000007ac380000,0x00000007acb80000)
  to   space 9216K, 0% used [0x00000007ad200000,0x00000007ad200000,0x00000007adb00000)
 ParOldGen       total 60928K, used 16806K [0x0000000780000000, 0x0000000783b80000, 0x00000007aab00000)
  object space 60928K, 27% used [0x0000000780000000,0x00000007810699d8,0x0000000783b80000)
 Metaspace       used 32845K, capacity 35432K, committed 35496K, reserved 1079296K
  class space    used 4730K, capacity 5245K, committed 5296K, reserved 1048576K
}
Event: 53.947 GC heap before
{Heap before GC invocations=12 (full 2):
 PSYoungGen      total 33280K, used 25088K [0x00000007aab00000, 0x00000007adb00000, 0x00000007c0000000)
  eden space 25088K, 100% used [0x00000007aab00000,0x00000007ac380000,0x00000007ac380000)
  from space 8192K, 0% used [0x00000007ac380000,0x00000007ac380000,0x00000007acb80000)
  to   space 9216K, 0% used [0x00000007ad200000,0x00000007ad200000,0x00000007adb00000)
 ParOldGen       total 60928K, used 16806K [0x0000000780000000, 0x0000000783b80000, 0x00000007aab00000)
  object space 60928K, 27% used [0x0000000780000000,0x00000007810699d8,0x0000000783b80000)
 Metaspace       used 32949K, capacity 35560K, committed 35752K, reserved 1079296K
  class space    used 4730K, capacity 5245K, committed 5296K, reserved 1048576K
Event: 53.952 GC heap after
Heap after GC invocations=12 (full 2):
 PSYoungGen      total 40448K, used 3525K [0x00000007aab00000, 0x00000007adb80000, 0x00000007c0000000)
  eden space 31232K, 0% used [0x00000007aab00000,0x00000007aab00000,0x00000007ac980000)
  from space 9216K, 38% used [0x00000007ad200000,0x00000007ad571418,0x00000007adb00000)
  to   space 8704K, 0% used [0x00000007ac980000,0x00000007ac980000,0x00000007ad200000)
 ParOldGen       total 60928K, used 16814K [0x0000000780000000, 0x0000000783b80000, 0x00000007aab00000)
  object space 60928K, 27% used [0x0000000780000000,0x000000078106b9d8,0x0000000783b80000)
 Metaspace       used 32949K, capacity 35560K, committed 35752K, reserved 1079296K
  class space    used 4730K, capacity 5245K, committed 5296K, reserved 1048576K
}

