# JRE version: Java(TM) SE Runtime Environment (8.0_231-b11) (build 1.8.0_231-b11)
# Java VM: Java HotSpot(TM) 64-Bit Server VM (25.231-b11 mixed mode bsd-amd64 compressed oops)
Heap:
 PSYoungGen      total 115200K, used 40939K [0x000000076ab00000, 0x0000000772a00000, 0x00000007c0000000)
  eden space 104448K, 39% used [0x000000076ab00000,0x000000076d2fae60,0x0000000771100000)
  from space 10752K, 0% used [0x0000000771f80000,0x0000000771f80000,0x0000000772a00000)
  to   space 10752K, 0% used [0x0000000771500000,0x0000000771500000,0x0000000771f80000)
 ParOldGen       total 148992K, used 28385K [0x00000006c0000000, 0x00000006c9180000, 0x000000076ab00000)
  object space 148992K, 19% used [0x00000006c0000000,0x00000006c1bb8748,0x00000006c9180000)
 Metaspace       used 33084K, capacity 35652K, committed 35928K, reserved 1079296K
  class space    used 4701K, capacity 5171K, committed 5248K, reserved 1048576K
GC Heap History (10 events):
Event: 3.898 GC heap before
{Heap before GC invocations=2 (full 0):
 PSYoungGen      total 76288K, used 16619K [0x000000076ab00000, 0x0000000770000000, 0x00000007c0000000)
  eden space 65536K, 11% used [0x000000076ab00000,0x000000076b25cf98,0x000000076eb00000)
  from space 10752K, 84% used [0x000000076eb00000,0x000000076f3dde48,0x000000076f580000)
  to   space 10752K, 0% used [0x000000076f580000,0x000000076f580000,0x0000000770000000)
 ParOldGen       total 175104K, used 88K [0x00000006c0000000, 0x00000006cab00000, 0x000000076ab00000)
  object space 175104K, 0% used [0x00000006c0000000,0x00000006c0016010,0x00000006cab00000)
 Metaspace       used 19660K, capacity 21198K, committed 21248K, reserved 1067008K
  class space    used 2958K, capacity 3286K, committed 3328K, reserved 1048576K
Event: 3.903 GC heap after
Heap after GC invocations=2 (full 0):
 PSYoungGen      total 76288K, used 7637K [0x000000076ab00000, 0x0000000774000000, 0x00000007c0000000)
  eden space 65536K, 0% used [0x000000076ab00000,0x000000076ab00000,0x000000076eb00000)
  from space 10752K, 71% used [0x000000076f580000,0x000000076fcf5570,0x0000000770000000)
  to   space 10752K, 0% used [0x000000076eb00000,0x000000076eb00000,0x000000076f580000)
 ParOldGen       total 175104K, used 96K [0x00000006c0000000, 0x00000006cab00000, 0x000000076ab00000)
  object space 175104K, 0% used [0x00000006c0000000,0x00000006c0018010,0x00000006cab00000)
 Metaspace       used 19660K, capacity 21198K, committed 21248K, reserved 1067008K
  class space    used 2958K, capacity 3286K, committed 3328K, reserved 1048576K
}
Event: 3.903 GC heap before
{Heap before GC invocations=3 (full 1):
 PSYoungGen      total 76288K, used 7637K [0x000000076ab00000, 0x0000000774000000, 0x00000007c0000000)
  eden space 65536K, 0% used [0x000000076ab00000,0x000000076ab00000,0x000000076eb00000)
  from space 10752K, 71% used [0x000000076f580000,0x000000076fcf5570,0x0000000770000000)
  to   space 10752K, 0% used [0x000000076eb00000,0x000000076eb00000,0x000000076f580000)
 ParOldGen       total 175104K, used 96K [0x00000006c0000000, 0x00000006cab00000, 0x000000076ab00000)
  object space 175104K, 0% used [0x00000006c0000000,0x00000006c0018010,0x00000006cab00000)
 Metaspace       used 19660K, capacity 21198K, committed 21248K, reserved 1067008K
  class space    used 2958K, capacity 3286K, committed 3328K, reserved 1048576K
Event: 3.931 GC heap after
Heap after GC invocations=3 (full 1):
 PSYoungGen      total 76288K, used 0K [0x000000076ab00000, 0x0000000774000000, 0x00000007c0000000)
  eden space 65536K, 0% used [0x000000076ab00000,0x000000076ab00000,0x000000076eb00000)
  from space 10752K, 0% used [0x000000076f580000,0x000000076f580000,0x0000000770000000)
  to   space 10752K, 0% used [0x000000076eb00000,0x000000076eb00000,0x000000076f580000)
 ParOldGen       total 91136K, used 7551K [0x00000006c0000000, 0x00000006c5900000, 0x000000076ab00000)
  object space 91136K, 8% used [0x00000006c0000000,0x00000006c075fc10,0x00000006c5900000)
 Metaspace       used 19660K, capacity 21198K, committed 21248K, reserved 1067008K
  class space    used 2958K, capacity 3286K, committed 3328K, reserved 1048576K
}
Event: 16.327 GC heap before
{Heap before GC invocations=4 (full 1):
 PSYoungGen      total 76288K, used 65536K [0x000000076ab00000, 0x0000000774000000, 0x00000007c0000000)
  eden space 65536K, 100% used [0x000000076ab00000,0x000000076eb00000,0x000000076eb00000)
  from space 10752K, 0% used [0x000000076f580000,0x000000076f580000,0x0000000770000000)
  to   space 10752K, 0% used [0x000000076eb00000,0x000000076eb00000,0x000000076f580000)
 ParOldGen       total 91136K, used 7551K [0x00000006c0000000, 0x00000006c5900000, 0x000000076ab00000)
  object space 91136K, 8% used [0x00000006c0000000,0x00000006c075fc10,0x00000006c5900000)
 Metaspace       used 30997K, capacity 33382K, committed 33536K, reserved 1077248K
  class space    used 4571K, capacity 5054K, committed 5120K, reserved 1048576K
Event: 16.341 GC heap after
Heap after GC invocations=4 (full 1):
 PSYoungGen      total 76288K, used 10749K [0x000000076ab00000, 0x0000000772a00000, 0x00000007c0000000)
  eden space 65536K, 0% used [0x000000076ab00000,0x000000076ab00000,0x000000076eb00000)
  from space 10752K, 99% used [0x000000076eb00000,0x000000076f57f570,0x000000076f580000)
  to   space 10752K, 0% used [0x0000000771f80000,0x0000000771f80000,0x0000000772a00000)
 ParOldGen       total 91136K, used 20883K [0x00000006c0000000, 0x00000006c5900000, 0x000000076ab00000)
  object space 91136K, 22% used [0x00000006c0000000,0x00000006c1464c88,0x00000006c5900000)
 Metaspace       used 30997K, capacity 33382K, committed 33536K, reserved 1077248K
  class space    used 4571K, capacity 5054K, committed 5120K, reserved 1048576K
}
Event: 32.738 GC heap before
{Heap before GC invocations=5 (full 1):
 PSYoungGen      total 76288K, used 43808K [0x000000076ab00000, 0x0000000772a00000, 0x00000007c0000000)
  eden space 65536K, 50% used [0x000000076ab00000,0x000000076cb48b18,0x000000076eb00000)
  from space 10752K, 99% used [0x000000076eb00000,0x000000076f57f570,0x000000076f580000)
  to   space 10752K, 0% used [0x0000000771f80000,0x0000000771f80000,0x0000000772a00000)
 ParOldGen       total 91136K, used 20883K [0x00000006c0000000, 0x00000006c5900000, 0x000000076ab00000)
  object space 91136K, 22% used [0x00000006c0000000,0x00000006c1464c88,0x00000006c5900000)
 Metaspace       used 32834K, capacity 35302K, committed 35416K, reserved 1079296K
  class space    used 4688K, capacity 5162K, committed 5248K, reserved 1048576K
Event: 32.748 GC heap after
Heap after GC invocations=5 (full 1):
 PSYoungGen      total 115200K, used 10741K [0x000000076ab00000, 0x0000000772a00000, 0x00000007c0000000)
  eden space 104448K, 0% used [0x000000076ab00000,0x000000076ab00000,0x0000000771100000)
  from space 10752K, 99% used [0x0000000771f80000,0x00000007729fd690,0x0000000772a00000)
  to   space 10752K, 0% used [0x0000000771500000,0x0000000771500000,0x0000000771f80000)
 ParOldGen       total 91136K, used 25421K [0x00000006c0000000, 0x00000006c5900000, 0x000000076ab00000)
  object space 91136K, 27% used [0x00000006c0000000,0x00000006c18d3668,0x00000006c5900000)
 Metaspace       used 32834K, capacity 35302K, committed 35416K, reserved 1079296K
  class space    used 4688K, capacity 5162K, committed 5248K, reserved 1048576K
}
Event: 32.748 GC heap before
{Heap before GC invocations=6 (full 2):
 PSYoungGen      total 115200K, used 10741K [0x000000076ab00000, 0x0000000772a00000, 0x00000007c0000000)
  eden space 104448K, 0% used [0x000000076ab00000,0x000000076ab00000,0x0000000771100000)
  from space 10752K, 99% used [0x0000000771f80000,0x00000007729fd690,0x0000000772a00000)
  to   space 10752K, 0% used [0x0000000771500000,0x0000000771500000,0x0000000771f80000)
 ParOldGen       total 91136K, used 25421K [0x00000006c0000000, 0x00000006c5900000, 0x000000076ab00000)
  object space 91136K, 27% used [0x00000006c0000000,0x00000006c18d3668,0x00000006c5900000)
 Metaspace       used 32834K, capacity 35302K, committed 35416K, reserved 1079296K
  class space    used 4688K, capacity 5162K, committed 5248K, reserved 1048576K
Event: 32.800 GC heap after
Heap after GC invocations=6 (full 2):
 PSYoungGen      total 115200K, used 0K [0x000000076ab00000, 0x0000000772a00000, 0x00000007c0000000)
  eden space 104448K, 0% used [0x000000076ab00000,0x000000076ab00000,0x0000000771100000)
  from space 10752K, 0% used [0x0000000771f80000,0x0000000771f80000,0x0000000772a00000)
  to   space 10752K, 0% used [0x0000000771500000,0x0000000771500000,0x0000000771f80000)
 ParOldGen       total 148992K, used 28385K [0x00000006c0000000, 0x00000006c9180000, 0x000000076ab00000)
  object space 148992K, 19% used [0x00000006c0000000,0x00000006c1bb8748,0x00000006c9180000)
 Metaspace       used 32834K, capacity 35302K, committed 35416K, reserved 1079296K
  class space    used 4688K, capacity 5162K, committed 5248K, reserved 1048576K
}

