# JRE version: Java(TM) SE Runtime Environment (8.0_151-b12) (build 1.8.0_151-b12)
# Java VM: Java HotSpot(TM) 64-Bit Server VM (25.151-b12 mixed mode bsd-amd64 compressed oops)
Heap:
 PSYoungGen      total 35328K, used 16911K [0x00000007aab00000, 0x00000007aec00000, 0x00000007c0000000)
  eden space 32768K, 43% used [0x00000007aab00000,0x00000007ab903e08,0x00000007acb00000)
  from space 2560K, 100% used [0x00000007acb00000,0x00000007acd80000,0x00000007acd80000)
  to   space 9216K, 0% used [0x00000007ae300000,0x00000007ae300000,0x00000007aec00000)
 ParOldGen       total 33792K, used 12872K [0x0000000780000000, 0x0000000782100000, 0x00000007aab00000)
  object space 33792K, 38% used [0x0000000780000000,0x0000000780c920f0,0x0000000782100000)
 Metaspace       used 31917K, capacity 34454K, committed 34736K, reserved 1079296K
  class space    used 4722K, capacity 5210K, committed 5296K, reserved 1048576K
GC Heap History (10 events):
Event: 3.598 GC heap before
{Heap before GC invocations=2 (full 0):
 PSYoungGen      total 18944K, used 18328K [0x00000007aab00000, 0x00000007ac000000, 0x00000007c0000000)
  eden space 16384K, 100% used [0x00000007aab00000,0x00000007abb00000,0x00000007abb00000)
  from space 2560K, 75% used [0x00000007abb00000,0x00000007abce61d8,0x00000007abd80000)
  to   space 2560K, 0% used [0x00000007abd80000,0x00000007abd80000,0x00000007ac000000)
 ParOldGen       total 44032K, used 72K [0x0000000780000000, 0x0000000782b00000, 0x00000007aab00000)
  object space 44032K, 0% used [0x0000000780000000,0x0000000780012010,0x0000000782b00000)
 Metaspace       used 13227K, capacity 13648K, committed 13952K, reserved 1060864K
  class space    used 1691K, capacity 1815K, committed 1920K, reserved 1048576K
Event: 3.618 GC heap after
Heap after GC invocations=2 (full 0):
 PSYoungGen      total 18944K, used 2528K [0x00000007aab00000, 0x00000007ac000000, 0x00000007c0000000)
  eden space 16384K, 0% used [0x00000007aab00000,0x00000007aab00000,0x00000007abb00000)
  from space 2560K, 98% used [0x00000007abd80000,0x00000007abff8030,0x00000007ac000000)
  to   space 2560K, 0% used [0x00000007abb00000,0x00000007abb00000,0x00000007abd80000)
 ParOldGen       total 44032K, used 2361K [0x0000000780000000, 0x0000000782b00000, 0x00000007aab00000)
  object space 44032K, 5% used [0x0000000780000000,0x000000078024e6d8,0x0000000782b00000)
 Metaspace       used 13227K, capacity 13648K, committed 13952K, reserved 1060864K
  class space    used 1691K, capacity 1815K, committed 1920K, reserved 1048576K
}
Event: 4.095 GC heap before
{Heap before GC invocations=3 (full 0):
 PSYoungGen      total 18944K, used 18912K [0x00000007aab00000, 0x00000007ac000000, 0x00000007c0000000)
  eden space 16384K, 100% used [0x00000007aab00000,0x00000007abb00000,0x00000007abb00000)
  from space 2560K, 98% used [0x00000007abd80000,0x00000007abff8030,0x00000007ac000000)
  to   space 2560K, 0% used [0x00000007abb00000,0x00000007abb00000,0x00000007abd80000)
 ParOldGen       total 44032K, used 2361K [0x0000000780000000, 0x0000000782b00000, 0x00000007aab00000)
  object space 44032K, 5% used [0x0000000780000000,0x000000078024e6d8,0x0000000782b00000)
 Metaspace       used 16922K, capacity 18176K, committed 18432K, reserved 1064960K
  class space    used 2461K, capacity 2753K, committed 2816K, reserved 1048576K
Event: 4.103 GC heap after
Heap after GC invocations=3 (full 0):
 PSYoungGen      total 18944K, used 2528K [0x00000007aab00000, 0x00000007ad000000, 0x00000007c0000000)
  eden space 16384K, 0% used [0x00000007aab00000,0x00000007aab00000,0x00000007abb00000)
  from space 2560K, 98% used [0x00000007abb00000,0x00000007abd78050,0x00000007abd80000)
  to   space 2560K, 0% used [0x00000007acd80000,0x00000007acd80000,0x00000007ad000000)
 ParOldGen       total 44032K, used 4269K [0x0000000780000000, 0x0000000782b00000, 0x00000007aab00000)
  object space 44032K, 9% used [0x0000000780000000,0x000000078042b5e8,0x0000000782b00000)
 Metaspace       used 16922K, capacity 18176K, committed 18432K, reserved 1064960K
  class space    used 2461K, capacity 2753K, committed 2816K, reserved 1048576K
}
Event: 4.616 GC heap before
{Heap before GC invocations=4 (full 0):
 PSYoungGen      total 18944K, used 13805K [0x00000007aab00000, 0x00000007ad000000, 0x00000007c0000000)
  eden space 16384K, 68% used [0x00000007aab00000,0x00000007ab6033e0,0x00000007abb00000)
  from space 2560K, 98% used [0x00000007abb00000,0x00000007abd78050,0x00000007abd80000)
  to   space 2560K, 0% used [0x00000007acd80000,0x00000007acd80000,0x00000007ad000000)
 ParOldGen       total 44032K, used 4269K [0x0000000780000000, 0x0000000782b00000, 0x00000007aab00000)
  object space 44032K, 9% used [0x0000000780000000,0x000000078042b5e8,0x0000000782b00000)
 Metaspace       used 19652K, capacity 21236K, committed 21296K, reserved 1067008K
  class space    used 2980K, capacity 3329K, committed 3376K, reserved 1048576K
Event: 4.642 GC heap after
Heap after GC invocations=4 (full 0):
 PSYoungGen      total 35328K, used 2544K [0x00000007aab00000, 0x00000007ad000000, 0x00000007c0000000)
  eden space 32768K, 0% used [0x00000007aab00000,0x00000007aab00000,0x00000007acb00000)
  from space 2560K, 99% used [0x00000007acd80000,0x00000007acffc020,0x00000007ad000000)
  to   space 2560K, 0% used [0x00000007acb00000,0x00000007acb00000,0x00000007acd80000)
 ParOldGen       total 44032K, used 5314K [0x0000000780000000, 0x0000000782b00000, 0x00000007aab00000)
  object space 44032K, 12% used [0x0000000780000000,0x0000000780530b48,0x0000000782b00000)
 Metaspace       used 19652K, capacity 21236K, committed 21296K, reserved 1067008K
  class space    used 2980K, capacity 3329K, committed 3376K, reserved 1048576K
}
Event: 4.642 GC heap before
{Heap before GC invocations=5 (full 1):
 PSYoungGen      total 35328K, used 2544K [0x00000007aab00000, 0x00000007ad000000, 0x00000007c0000000)
  eden space 32768K, 0% used [0x00000007aab00000,0x00000007aab00000,0x00000007acb00000)
  from space 2560K, 99% used [0x00000007acd80000,0x00000007acffc020,0x00000007ad000000)
  to   space 2560K, 0% used [0x00000007acb00000,0x00000007acb00000,0x00000007acd80000)
 ParOldGen       total 44032K, used 5314K [0x0000000780000000, 0x0000000782b00000, 0x00000007aab00000)
  object space 44032K, 12% used [0x0000000780000000,0x0000000780530b48,0x0000000782b00000)
 Metaspace       used 19652K, capacity 21236K, committed 21296K, reserved 1067008K
  class space    used 2980K, capacity 3329K, committed 3376K, reserved 1048576K
Event: 4.726 GC heap after
Heap after GC invocations=5 (full 1):
 PSYoungGen      total 35328K, used 0K [0x00000007aab00000, 0x00000007ad000000, 0x00000007c0000000)
  eden space 32768K, 0% used [0x00000007aab00000,0x00000007aab00000,0x00000007acb00000)
  from space 2560K, 0% used [0x00000007acd80000,0x00000007acd80000,0x00000007ad000000)
  to   space 2560K, 0% used [0x00000007acb00000,0x00000007acb00000,0x00000007acd80000)
 ParOldGen       total 33792K, used 6255K [0x0000000780000000, 0x0000000782100000, 0x00000007aab00000)
  object space 33792K, 18% used [0x0000000780000000,0x000000078061be00,0x0000000782100000)
 Metaspace       used 19652K, capacity 21236K, committed 21296K, reserved 1067008K
  class space    used 2980K, capacity 3329K, committed 3376K, reserved 1048576K
}
Event: 17.485 GC heap before
{Heap before GC invocations=6 (full 1):
 PSYoungGen      total 35328K, used 32768K [0x00000007aab00000, 0x00000007ad000000, 0x00000007c0000000)
  eden space 32768K, 100% used [0x00000007aab00000,0x00000007acb00000,0x00000007acb00000)
  from space 2560K, 0% used [0x00000007acd80000,0x00000007acd80000,0x00000007ad000000)
  to   space 2560K, 0% used [0x00000007acb00000,0x00000007acb00000,0x00000007acd80000)
 ParOldGen       total 33792K, used 6255K [0x0000000780000000, 0x0000000782100000, 0x00000007aab00000)
  object space 33792K, 18% used [0x0000000780000000,0x000000078061be00,0x0000000782100000)
 Metaspace       used 29798K, capacity 32068K, committed 32176K, reserved 1077248K
  class space    used 4485K, capacity 4939K, committed 5040K, reserved 1048576K
Event: 17.498 GC heap after
Heap after GC invocations=6 (full 1):
 PSYoungGen      total 35328K, used 2560K [0x00000007aab00000, 0x00000007aec00000, 0x00000007c0000000)
  eden space 32768K, 0% used [0x00000007aab00000,0x00000007aab00000,0x00000007acb00000)
  from space 2560K, 100% used [0x00000007acb00000,0x00000007acd80000,0x00000007acd80000)
  to   space 9216K, 0% used [0x00000007ae300000,0x00000007ae300000,0x00000007aec00000)
 ParOldGen       total 33792K, used 12872K [0x0000000780000000, 0x0000000782100000, 0x00000007aab00000)
  object space 33792K, 38% used [0x0000000780000000,0x0000000780c920f0,0x0000000782100000)
 Metaspace       used 29798K, capacity 32068K, committed 32176K, reserved 1077248K
  class space    used 4485K, capacity 4939K, committed 5040K, reserved 1048576K
}

