# JRE version: Java(TM) SE Runtime Environment (8.0_231-b11) (build 1.8.0_231-b11)
# Java VM: Java HotSpot(TM) 64-Bit Server VM (25.231-b11 mixed mode bsd-amd64 compressed oops)
Heap:
 PSYoungGen      total 76288K, used 17511K [0x000000076ab00000, 0x0000000772b80000, 0x00000007c0000000)
  eden space 65536K, 10% used [0x000000076ab00000,0x000000076b19a890,0x000000076eb00000)
  from space 10752K, 99% used [0x000000076eb00000,0x000000076f57f5c0,0x000000076f580000)
  to   space 10752K, 0% used [0x0000000772100000,0x0000000772100000,0x0000000772b80000)
 ParOldGen       total 89600K, used 15012K [0x00000006c0000000, 0x00000006c5780000, 0x000000076ab00000)
  object space 89600K, 16% used [0x00000006c0000000,0x00000006c0ea90c0,0x00000006c5780000)
 Metaspace       used 31625K, capacity 34012K, committed 34176K, reserved 1079296K
  class space    used 4633K, capacity 5129K, committed 5248K, reserved 1048576K
GC Heap History (8 events):
Event: 3.798 GC heap before
{Heap before GC invocations=1 (full 0):
 PSYoungGen      total 76288K, used 65536K [0x000000076ab00000, 0x0000000770000000, 0x00000007c0000000)
  eden space 65536K, 100% used [0x000000076ab00000,0x000000076eb00000,0x000000076eb00000)
  from space 10752K, 0% used [0x000000076f580000,0x000000076f580000,0x0000000770000000)
  to   space 10752K, 0% used [0x000000076eb00000,0x000000076eb00000,0x000000076f580000)
 ParOldGen       total 175104K, used 0K [0x00000006c0000000, 0x00000006cab00000, 0x000000076ab00000)
  object space 175104K, 0% used [0x00000006c0000000,0x00000006c0000000,0x00000006cab00000)
 Metaspace       used 18218K, capacity 19754K, committed 20096K, reserved 1067008K
  class space    used 2744K, capacity 3098K, committed 3200K, reserved 1048576K
Event: 3.806 GC heap after
Heap after GC invocations=1 (full 0):
 PSYoungGen      total 76288K, used 9086K [0x000000076ab00000, 0x0000000770000000, 0x00000007c0000000)
  eden space 65536K, 0% used [0x000000076ab00000,0x000000076ab00000,0x000000076eb00000)
  from space 10752K, 84% used [0x000000076eb00000,0x000000076f3dfa30,0x000000076f580000)
  to   space 10752K, 0% used [0x000000076f580000,0x000000076f580000,0x0000000770000000)
 ParOldGen       total 175104K, used 88K [0x00000006c0000000, 0x00000006cab00000, 0x000000076ab00000)
  object space 175104K, 0% used [0x00000006c0000000,0x00000006c0016010,0x00000006cab00000)
 Metaspace       used 18218K, capacity 19754K, committed 20096K, reserved 1067008K
  class space    used 2744K, capacity 3098K, committed 3200K, reserved 1048576K
}
Event: 3.923 GC heap before
{Heap before GC invocations=2 (full 0):
 PSYoungGen      total 76288K, used 16626K [0x000000076ab00000, 0x0000000770000000, 0x00000007c0000000)
  eden space 65536K, 11% used [0x000000076ab00000,0x000000076b25cf70,0x000000076eb00000)
  from space 10752K, 84% used [0x000000076eb00000,0x000000076f3dfa30,0x000000076f580000)
  to   space 10752K, 0% used [0x000000076f580000,0x000000076f580000,0x0000000770000000)
 ParOldGen       total 175104K, used 88K [0x00000006c0000000, 0x00000006cab00000, 0x000000076ab00000)
  object space 175104K, 0% used [0x00000006c0000000,0x00000006c0016010,0x00000006cab00000)
 Metaspace       used 19644K, capacity 21196K, committed 21248K, reserved 1067008K
  class space    used 2959K, capacity 3285K, committed 3328K, reserved 1048576K
Event: 3.929 GC heap after
Heap after GC invocations=2 (full 0):
 PSYoungGen      total 76288K, used 7602K [0x000000076ab00000, 0x0000000774000000, 0x00000007c0000000)
  eden space 65536K, 0% used [0x000000076ab00000,0x000000076ab00000,0x000000076eb00000)
  from space 10752K, 70% used [0x000000076f580000,0x000000076fcecac0,0x0000000770000000)
  to   space 10752K, 0% used [0x000000076eb00000,0x000000076eb00000,0x000000076f580000)
 ParOldGen       total 175104K, used 96K [0x00000006c0000000, 0x00000006cab00000, 0x000000076ab00000)
  object space 175104K, 0% used [0x00000006c0000000,0x00000006c0018010,0x00000006cab00000)
 Metaspace       used 19644K, capacity 21196K, committed 21248K, reserved 1067008K
  class space    used 2959K, capacity 3285K, committed 3328K, reserved 1048576K
}
Event: 3.929 GC heap before
{Heap before GC invocations=3 (full 1):
 PSYoungGen      total 76288K, used 7602K [0x000000076ab00000, 0x0000000774000000, 0x00000007c0000000)
  eden space 65536K, 0% used [0x000000076ab00000,0x000000076ab00000,0x000000076eb00000)
  from space 10752K, 70% used [0x000000076f580000,0x000000076fcecac0,0x0000000770000000)
  to   space 10752K, 0% used [0x000000076eb00000,0x000000076eb00000,0x000000076f580000)
 ParOldGen       total 175104K, used 96K [0x00000006c0000000, 0x00000006cab00000, 0x000000076ab00000)
  object space 175104K, 0% used [0x00000006c0000000,0x00000006c0018010,0x00000006cab00000)
 Metaspace       used 19644K, capacity 21196K, committed 21248K, reserved 1067008K
  class space    used 2959K, capacity 3285K, committed 3328K, reserved 1048576K
Event: 3.955 GC heap after
Heap after GC invocations=3 (full 1):
 PSYoungGen      total 76288K, used 0K [0x000000076ab00000, 0x0000000774000000, 0x00000007c0000000)
  eden space 65536K, 0% used [0x000000076ab00000,0x000000076ab00000,0x000000076eb00000)
  from space 10752K, 0% used [0x000000076f580000,0x000000076f580000,0x0000000770000000)
  to   space 10752K, 0% used [0x000000076eb00000,0x000000076eb00000,0x000000076f580000)
 ParOldGen       total 89600K, used 7549K [0x00000006c0000000, 0x00000006c5780000, 0x000000076ab00000)
  object space 89600K, 8% used [0x00000006c0000000,0x00000006c075f6b0,0x00000006c5780000)
 Metaspace       used 19644K, capacity 21196K, committed 21248K, reserved 1067008K
  class space    used 2959K, capacity 3285K, committed 3328K, reserved 1048576K
}
Event: 24.782 GC heap before
{Heap before GC invocations=4 (full 1):
 PSYoungGen      total 76288K, used 65536K [0x000000076ab00000, 0x0000000774000000, 0x00000007c0000000)
  eden space 65536K, 100% used [0x000000076ab00000,0x000000076eb00000,0x000000076eb00000)
  from space 10752K, 0% used [0x000000076f580000,0x000000076f580000,0x0000000770000000)
  to   space 10752K, 0% used [0x000000076eb00000,0x000000076eb00000,0x000000076f580000)
 ParOldGen       total 89600K, used 7549K [0x00000006c0000000, 0x00000006c5780000, 0x000000076ab00000)
  object space 89600K, 8% used [0x00000006c0000000,0x00000006c075f6b0,0x00000006c5780000)
 Metaspace       used 30811K, capacity 33170K, committed 33280K, reserved 1077248K
  class space    used 4537K, capacity 5020K, committed 5120K, reserved 1048576K
Event: 24.791 GC heap after
Heap after GC invocations=4 (full 1):
 PSYoungGen      total 76288K, used 10749K [0x000000076ab00000, 0x0000000772b80000, 0x00000007c0000000)
  eden space 65536K, 0% used [0x000000076ab00000,0x000000076ab00000,0x000000076eb00000)
  from space 10752K, 99% used [0x000000076eb00000,0x000000076f57f5c0,0x000000076f580000)
  to   space 10752K, 0% used [0x0000000772100000,0x0000000772100000,0x0000000772b80000)
 ParOldGen       total 89600K, used 15012K [0x00000006c0000000, 0x00000006c5780000, 0x000000076ab00000)
  object space 89600K, 16% used [0x00000006c0000000,0x00000006c0ea90c0,0x00000006c5780000)
 Metaspace       used 30811K, capacity 33170K, committed 33280K, reserved 1077248K
  class space    used 4537K, capacity 5020K, committed 5120K, reserved 1048576K
}

